<?xml version="1.0" encoding="UTF-8"?>
<!-- Generated by org.testng.reporters.JUnitXMLReporter -->
<testsuite hostname="DESKTOP-00U40SA" ignored="1" name="Nextory" tests="10" failures="0" timestamp="25 Mar 2019 07:00:13 GMT" time="499.951" errors="0">
  <testcase name="FreeTrialFlow_SE" time="30.867" classname="registrationflows.FreeTrialFlow_AllCountries"/>
  <testcase name="FreeTrialFlow_SE" time="16.463" classname="registrationflows.FreeTrialFlow_AllCountries"/>
  <testcase name="FreeTrialFlow_SE" time="15.908" classname="registrationflows.FreeTrialFlow_AllCountries"/>
  <testcase name="FreeTrialFlow_SE" time="24.207" classname="registrationflows.FreeTrialFlow_AllCountries"/>
  <testcase name="FreeTrialFlow_SE" time="18.362" classname="registrationflows.FreeTrialFlow_AllCountries"/>
  <testcase name="FreeTrialFlow_SE" time="27.617" classname="registrationflows.FreeTrialFlow_AllCountries"/>
  <testcase name="FreeTrialFlow_SE" time="27.802" classname="registrationflows.FreeTrialFlow_AllCountries"/>
  <testcase name="FreeTrialFlow_SE" time="28.012" classname="registrationflows.FreeTrialFlow_AllCountries"/>
  <testcase name="FreeTrialFlow_SE" time="26.853" classname="registrationflows.FreeTrialFlow_AllCountries"/>
  <testcase name="FreeTrialFlow_SE" time="26.782" classname="registrationflows.FreeTrialFlow_AllCountries"/>
  <testcase name="FreeTrailFlowSE_RegistrationPage_EmptyEmailPassword" time="0.0" classname="registrationflows.FreeTrialFlow_AllCountries">
    <ignored/>
  </testcase> <!-- FreeTrailFlowSE_RegistrationPage_EmptyEmailPassword -->
</testsuite> <!-- Nextory -->
